  caca.cpp
C:\Users\PC\OneDrive\Documents\GitHub\Space-Blaster-X\Space Blaster X\menu.h(22,9): error C2371: 'MENU::aonTexture' : redéfinition ; types de base différents
  (compiler le fichier source 'caca.cpp')
      C:\Users\PC\OneDrive\Documents\GitHub\Space-Blaster-X\Space Blaster X\menu.h(16,10):
      voir la déclaration de 'MENU::aonTexture'
  
C:\Users\PC\OneDrive\Documents\GitHub\Space-Blaster-X\Space Blaster X\menu.h(23,9): error C2371: 'MENU::aofTexture' : redéfinition ; types de base différents
  (compiler le fichier source 'caca.cpp')
      C:\Users\PC\OneDrive\Documents\GitHub\Space-Blaster-X\Space Blaster X\menu.h(17,10):
      voir la déclaration de 'MENU::aofTexture'
  
  menu.cpp
C:\Users\PC\OneDrive\Documents\GitHub\Space-Blaster-X\Space Blaster X\menu.h(22,9): error C2371: 'MENU::aonTexture' : redéfinition ; types de base différents
  (compiler le fichier source 'menu.cpp')
      C:\Users\PC\OneDrive\Documents\GitHub\Space-Blaster-X\Space Blaster X\menu.h(16,10):
      voir la déclaration de 'MENU::aonTexture'
  
C:\Users\PC\OneDrive\Documents\GitHub\Space-Blaster-X\Space Blaster X\menu.h(23,9): error C2371: 'MENU::aofTexture' : redéfinition ; types de base différents
  (compiler le fichier source 'menu.cpp')
      C:\Users\PC\OneDrive\Documents\GitHub\Space-Blaster-X\Space Blaster X\menu.h(17,10):
      voir la déclaration de 'MENU::aofTexture'
  
C:\Users\PC\OneDrive\Documents\GitHub\Space-Blaster-X\Space Blaster X\menu.cpp(44,69): warning C4244: 'argument' : conversion de 'T' en 'T', perte possible de données
C:\Users\PC\OneDrive\Documents\GitHub\Space-Blaster-X\Space Blaster X\menu.cpp(44,69): warning C4244:         with
C:\Users\PC\OneDrive\Documents\GitHub\Space-Blaster-X\Space Blaster X\menu.cpp(44,69): warning C4244:         [
C:\Users\PC\OneDrive\Documents\GitHub\Space-Blaster-X\Space Blaster X\menu.cpp(44,69): warning C4244:             T=int
C:\Users\PC\OneDrive\Documents\GitHub\Space-Blaster-X\Space Blaster X\menu.cpp(44,69): warning C4244:         ]
C:\Users\PC\OneDrive\Documents\GitHub\Space-Blaster-X\Space Blaster X\menu.cpp(44,69): warning C4244:         and
C:\Users\PC\OneDrive\Documents\GitHub\Space-Blaster-X\Space Blaster X\menu.cpp(44,69): warning C4244:         [
C:\Users\PC\OneDrive\Documents\GitHub\Space-Blaster-X\Space Blaster X\menu.cpp(44,69): warning C4244:             T=float
C:\Users\PC\OneDrive\Documents\GitHub\Space-Blaster-X\Space Blaster X\menu.cpp(44,69): warning C4244:         ]
C:\Users\PC\OneDrive\Documents\GitHub\Space-Blaster-X\Space Blaster X\menu.cpp(44,57): warning C4244: 'argument' : conversion de 'T' en 'T', perte possible de données
C:\Users\PC\OneDrive\Documents\GitHub\Space-Blaster-X\Space Blaster X\menu.cpp(44,57): warning C4244:         with
C:\Users\PC\OneDrive\Documents\GitHub\Space-Blaster-X\Space Blaster X\menu.cpp(44,57): warning C4244:         [
C:\Users\PC\OneDrive\Documents\GitHub\Space-Blaster-X\Space Blaster X\menu.cpp(44,57): warning C4244:             T=int
C:\Users\PC\OneDrive\Documents\GitHub\Space-Blaster-X\Space Blaster X\menu.cpp(44,57): warning C4244:         ]
C:\Users\PC\OneDrive\Documents\GitHub\Space-Blaster-X\Space Blaster X\menu.cpp(44,57): warning C4244:         and
C:\Users\PC\OneDrive\Documents\GitHub\Space-Blaster-X\Space Blaster X\menu.cpp(44,57): warning C4244:         [
C:\Users\PC\OneDrive\Documents\GitHub\Space-Blaster-X\Space Blaster X\menu.cpp(44,57): warning C4244:             T=float
C:\Users\PC\OneDrive\Documents\GitHub\Space-Blaster-X\Space Blaster X\menu.cpp(44,57): warning C4244:         ]
C:\Users\PC\OneDrive\Documents\GitHub\Space-Blaster-X\Space Blaster X\menu.cpp(47,75): warning C4244: 'argument' : conversion de 'T' en 'T', perte possible de données
C:\Users\PC\OneDrive\Documents\GitHub\Space-Blaster-X\Space Blaster X\menu.cpp(47,75): warning C4244:         with
C:\Users\PC\OneDrive\Documents\GitHub\Space-Blaster-X\Space Blaster X\menu.cpp(47,75): warning C4244:         [
C:\Users\PC\OneDrive\Documents\GitHub\Space-Blaster-X\Space Blaster X\menu.cpp(47,75): warning C4244:             T=int
C:\Users\PC\OneDrive\Documents\GitHub\Space-Blaster-X\Space Blaster X\menu.cpp(47,75): warning C4244:         ]
C:\Users\PC\OneDrive\Documents\GitHub\Space-Blaster-X\Space Blaster X\menu.cpp(47,75): warning C4244:         and
C:\Users\PC\OneDrive\Documents\GitHub\Space-Blaster-X\Space Blaster X\menu.cpp(47,75): warning C4244:         [
C:\Users\PC\OneDrive\Documents\GitHub\Space-Blaster-X\Space Blaster X\menu.cpp(47,75): warning C4244:             T=float
C:\Users\PC\OneDrive\Documents\GitHub\Space-Blaster-X\Space Blaster X\menu.cpp(47,75): warning C4244:         ]
C:\Users\PC\OneDrive\Documents\GitHub\Space-Blaster-X\Space Blaster X\menu.cpp(47,63): warning C4244: 'argument' : conversion de 'T' en 'T', perte possible de données
C:\Users\PC\OneDrive\Documents\GitHub\Space-Blaster-X\Space Blaster X\menu.cpp(47,63): warning C4244:         with
C:\Users\PC\OneDrive\Documents\GitHub\Space-Blaster-X\Space Blaster X\menu.cpp(47,63): warning C4244:         [
C:\Users\PC\OneDrive\Documents\GitHub\Space-Blaster-X\Space Blaster X\menu.cpp(47,63): warning C4244:             T=int
C:\Users\PC\OneDrive\Documents\GitHub\Space-Blaster-X\Space Blaster X\menu.cpp(47,63): warning C4244:         ]
C:\Users\PC\OneDrive\Documents\GitHub\Space-Blaster-X\Space Blaster X\menu.cpp(47,63): warning C4244:         and
C:\Users\PC\OneDrive\Documents\GitHub\Space-Blaster-X\Space Blaster X\menu.cpp(47,63): warning C4244:         [
C:\Users\PC\OneDrive\Documents\GitHub\Space-Blaster-X\Space Blaster X\menu.cpp(47,63): warning C4244:             T=float
C:\Users\PC\OneDrive\Documents\GitHub\Space-Blaster-X\Space Blaster X\menu.cpp(47,63): warning C4244:         ]
C:\Users\PC\OneDrive\Documents\GitHub\Space-Blaster-X\Space Blaster X\menu.cpp(50,73): warning C4244: 'argument' : conversion de 'T' en 'T', perte possible de données
C:\Users\PC\OneDrive\Documents\GitHub\Space-Blaster-X\Space Blaster X\menu.cpp(50,73): warning C4244:         with
C:\Users\PC\OneDrive\Documents\GitHub\Space-Blaster-X\Space Blaster X\menu.cpp(50,73): warning C4244:         [
C:\Users\PC\OneDrive\Documents\GitHub\Space-Blaster-X\Space Blaster X\menu.cpp(50,73): warning C4244:             T=int
C:\Users\PC\OneDrive\Documents\GitHub\Space-Blaster-X\Space Blaster X\menu.cpp(50,73): warning C4244:         ]
C:\Users\PC\OneDrive\Documents\GitHub\Space-Blaster-X\Space Blaster X\menu.cpp(50,73): warning C4244:         and
C:\Users\PC\OneDrive\Documents\GitHub\Space-Blaster-X\Space Blaster X\menu.cpp(50,73): warning C4244:         [
C:\Users\PC\OneDrive\Documents\GitHub\Space-Blaster-X\Space Blaster X\menu.cpp(50,73): warning C4244:             T=float
C:\Users\PC\OneDrive\Documents\GitHub\Space-Blaster-X\Space Blaster X\menu.cpp(50,73): warning C4244:         ]
C:\Users\PC\OneDrive\Documents\GitHub\Space-Blaster-X\Space Blaster X\menu.cpp(50,61): warning C4244: 'argument' : conversion de 'T' en 'T', perte possible de données
C:\Users\PC\OneDrive\Documents\GitHub\Space-Blaster-X\Space Blaster X\menu.cpp(50,61): warning C4244:         with
C:\Users\PC\OneDrive\Documents\GitHub\Space-Blaster-X\Space Blaster X\menu.cpp(50,61): warning C4244:         [
C:\Users\PC\OneDrive\Documents\GitHub\Space-Blaster-X\Space Blaster X\menu.cpp(50,61): warning C4244:             T=int
C:\Users\PC\OneDrive\Documents\GitHub\Space-Blaster-X\Space Blaster X\menu.cpp(50,61): warning C4244:         ]
C:\Users\PC\OneDrive\Documents\GitHub\Space-Blaster-X\Space Blaster X\menu.cpp(50,61): warning C4244:         and
C:\Users\PC\OneDrive\Documents\GitHub\Space-Blaster-X\Space Blaster X\menu.cpp(50,61): warning C4244:         [
C:\Users\PC\OneDrive\Documents\GitHub\Space-Blaster-X\Space Blaster X\menu.cpp(50,61): warning C4244:             T=float
C:\Users\PC\OneDrive\Documents\GitHub\Space-Blaster-X\Space Blaster X\menu.cpp(50,61): warning C4244:         ]
